Build output check failed:
    Regex: 'command line option .* is valid for .* but not for C\+\+'
    Output line: 'cc1plus: warning: command line option ‘-Wmissing-prototypes’ is valid for C/ObjC but not for C++'
Compilation failed:
    source file: '/home/multipurpose/Design2/OpenCV/build/CMakeFiles/CMakeTmp/src.cxx'
    check option: ' -fsigned-char -W -Wall -Werror=return-type -Werror=non-virtual-dtor -Werror=address -Werror=sequence-point -Wformat -Werror=format-security -Wmissing-declarations  -Wmissing-prototypes'
===== BUILD LOG =====
Change Dir: /home/multipurpose/Design2/OpenCV/build/CMakeFiles/CMakeTmp

Run Build Command:"/usr/bin/make" "cmTC_7104f/fast"
/usr/bin/make -f CMakeFiles/cmTC_7104f.dir/build.make CMakeFiles/cmTC_7104f.dir/build
make[1]: Entering directory '/home/multipurpose/Design2/OpenCV/build/CMakeFiles/CMakeTmp'
Building CXX object CMakeFiles/cmTC_7104f.dir/src.cxx.o
/usr/bin/c++     -O3 -DNDEBUG   -fsigned-char -W -Wall -Werror=return-type -Werror=non-virtual-dtor -Werror=address -Werror=sequence-point -Wformat -Werror=format-security -Wmissing-declarations -Wmissing-prototypes -o CMakeFiles/cmTC_7104f.dir/src.cxx.o -c /home/multipurpose/Design2/OpenCV/build/CMakeFiles/CMakeTmp/src.cxx
cc1plus: warning: command line option ‘-Wmissing-prototypes’ is valid for C/ObjC but not for C++
/home/multipurpose/Design2/OpenCV/build/CMakeFiles/CMakeTmp/src.cxx:1:0: warning: ignoring #pragma   [-Wunknown-pragmas]
 #pragma
 
Linking CXX executable cmTC_7104f
/usr/bin/cmake -E cmake_link_script CMakeFiles/cmTC_7104f.dir/link.txt --verbose=1
/usr/bin/c++     -O3 -DNDEBUG    CMakeFiles/cmTC_7104f.dir/src.cxx.o  -o cmTC_7104f -rdynamic 
make[1]: Leaving directory '/home/multipurpose/Design2/OpenCV/build/CMakeFiles/CMakeTmp'

===== END =====

Build output check failed:
    Regex: 'command line option .* is valid for .* but not for C\+\+'
    Output line: 'cc1plus: warning: command line option ‘-Wstrict-prototypes’ is valid for C/ObjC but not for C++'
Compilation failed:
    source file: '/home/multipurpose/Design2/OpenCV/build/CMakeFiles/CMakeTmp/src.cxx'
    check option: ' -fsigned-char -W -Wall -Werror=return-type -Werror=non-virtual-dtor -Werror=address -Werror=sequence-point -Wformat -Werror=format-security -Wmissing-declarations  -Wstrict-prototypes'
===== BUILD LOG =====
Change Dir: /home/multipurpose/Design2/OpenCV/build/CMakeFiles/CMakeTmp

Run Build Command:"/usr/bin/make" "cmTC_0705c/fast"
/usr/bin/make -f CMakeFiles/cmTC_0705c.dir/build.make CMakeFiles/cmTC_0705c.dir/build
make[1]: Entering directory '/home/multipurpose/Design2/OpenCV/build/CMakeFiles/CMakeTmp'
Building CXX object CMakeFiles/cmTC_0705c.dir/src.cxx.o
/usr/bin/c++     -O3 -DNDEBUG   -fsigned-char -W -Wall -Werror=return-type -Werror=non-virtual-dtor -Werror=address -Werror=sequence-point -Wformat -Werror=format-security -Wmissing-declarations -Wstrict-prototypes -o CMakeFiles/cmTC_0705c.dir/src.cxx.o -c /home/multipurpose/Design2/OpenCV/build/CMakeFiles/CMakeTmp/src.cxx
cc1plus: warning: command line option ‘-Wstrict-prototypes’ is valid for C/ObjC but not for C++
/home/multipurpose/Design2/OpenCV/build/CMakeFiles/CMakeTmp/src.cxx:1:0: warning: ignoring #pragma   [-Wunknown-pragmas]
 #pragma
 
Linking CXX executable cmTC_0705c
/usr/bin/cmake -E cmake_link_script CMakeFiles/cmTC_0705c.dir/link.txt --verbose=1
/usr/bin/c++     -O3 -DNDEBUG    CMakeFiles/cmTC_0705c.dir/src.cxx.o  -o cmTC_0705c -rdynamic 
make[1]: Leaving directory '/home/multipurpose/Design2/OpenCV/build/CMakeFiles/CMakeTmp'

===== END =====

Build output check failed:
    Regex: 'command line option .* is valid for .* but not for C'
    Output line: 'cc1: warning: command line option ‘-Wsign-promo’ is valid for C++/ObjC++ but not for C'
Compilation failed:
    source file: '/home/multipurpose/Design2/OpenCV/build/CMakeFiles/CMakeTmp/src.c'
    check option: ' -fsigned-char -W -Wall -Werror=return-type -Werror=non-virtual-dtor -Werror=address -Werror=sequence-point -Wformat -Werror=format-security -Wmissing-declarations -Wmissing-prototypes -Wstrict-prototypes -Wundef -Winit-self -Wpointer-arith -Wshadow  -Wsign-promo'
===== BUILD LOG =====
Change Dir: /home/multipurpose/Design2/OpenCV/build/CMakeFiles/CMakeTmp

Run Build Command:"/usr/bin/make" "cmTC_2182c/fast"
/usr/bin/make -f CMakeFiles/cmTC_2182c.dir/build.make CMakeFiles/cmTC_2182c.dir/build
make[1]: Entering directory '/home/multipurpose/Design2/OpenCV/build/CMakeFiles/CMakeTmp'
Building C object CMakeFiles/cmTC_2182c.dir/src.c.o
/usr/bin/cc    -O3 -DNDEBUG   -fsigned-char -W -Wall -Werror=return-type -Werror=non-virtual-dtor -Werror=address -Werror=sequence-point -Wformat -Werror=format-security -Wmissing-declarations -Wmissing-prototypes -Wstrict-prototypes -Wundef -Winit-self -Wpointer-arith -Wshadow -Wsign-promo -o CMakeFiles/cmTC_2182c.dir/src.c.o   -c /home/multipurpose/Design2/OpenCV/build/CMakeFiles/CMakeTmp/src.c
cc1: warning: command line option ‘-Wsign-promo’ is valid for C++/ObjC++ but not for C
/home/multipurpose/Design2/OpenCV/build/CMakeFiles/CMakeTmp/src.c:1:0: warning: ignoring #pragma   [-Wunknown-pragmas]
 #pragma
 
Linking C executable cmTC_2182c
/usr/bin/cmake -E cmake_link_script CMakeFiles/cmTC_2182c.dir/link.txt --verbose=1
/usr/bin/cc    -O3 -DNDEBUG    CMakeFiles/cmTC_2182c.dir/src.c.o  -o cmTC_2182c -rdynamic 
make[1]: Leaving directory '/home/multipurpose/Design2/OpenCV/build/CMakeFiles/CMakeTmp'

===== END =====

Build output check failed:
    Regex: 'command line option .* is valid for .* but not for C'
    Output line: 'cc1: warning: command line option ‘-Wno-delete-non-virtual-dtor’ is valid for C++/ObjC++ but not for C'
Compilation failed:
    source file: '/home/multipurpose/Design2/OpenCV/build/CMakeFiles/CMakeTmp/src.c'
    check option: ' -fsigned-char -W -Wall -Werror=return-type -Werror=non-virtual-dtor -Werror=address -Werror=sequence-point -Wformat -Werror=format-security -Wmissing-declarations -Wmissing-prototypes -Wstrict-prototypes -Wundef -Winit-self -Wpointer-arith -Wshadow -Wno-narrowing  -Wno-delete-non-virtual-dtor'
===== BUILD LOG =====
Change Dir: /home/multipurpose/Design2/OpenCV/build/CMakeFiles/CMakeTmp

Run Build Command:"/usr/bin/make" "cmTC_1eb78/fast"
/usr/bin/make -f CMakeFiles/cmTC_1eb78.dir/build.make CMakeFiles/cmTC_1eb78.dir/build
make[1]: Entering directory '/home/multipurpose/Design2/OpenCV/build/CMakeFiles/CMakeTmp'
Building C object CMakeFiles/cmTC_1eb78.dir/src.c.o
/usr/bin/cc    -O3 -DNDEBUG   -fsigned-char -W -Wall -Werror=return-type -Werror=non-virtual-dtor -Werror=address -Werror=sequence-point -Wformat -Werror=format-security -Wmissing-declarations -Wmissing-prototypes -Wstrict-prototypes -Wundef -Winit-self -Wpointer-arith -Wshadow -Wno-narrowing -Wno-delete-non-virtual-dtor -o CMakeFiles/cmTC_1eb78.dir/src.c.o   -c /home/multipurpose/Design2/OpenCV/build/CMakeFiles/CMakeTmp/src.c
cc1: warning: command line option ‘-Wno-delete-non-virtual-dtor’ is valid for C++/ObjC++ but not for C
/home/multipurpose/Design2/OpenCV/build/CMakeFiles/CMakeTmp/src.c:1:0: warning: ignoring #pragma   [-Wunknown-pragmas]
 #pragma
 
Linking C executable cmTC_1eb78
/usr/bin/cmake -E cmake_link_script CMakeFiles/cmTC_1eb78.dir/link.txt --verbose=1
/usr/bin/cc    -O3 -DNDEBUG    CMakeFiles/cmTC_1eb78.dir/src.c.o  -o cmTC_1eb78 -rdynamic 
make[1]: Leaving directory '/home/multipurpose/Design2/OpenCV/build/CMakeFiles/CMakeTmp'

===== END =====

Build output check failed:
    Regex: 'unrecognized .*option'
    Output line: 'cc1plus: warning: unrecognized command line option ‘-Wno-unnamed-type-template-args’'
Compilation failed:
    source file: '/home/multipurpose/Design2/OpenCV/build/CMakeFiles/CMakeTmp/src.cxx'
    check option: ' -fsigned-char -W -Wall -Werror=return-type -Werror=non-virtual-dtor -Werror=address -Werror=sequence-point -Wformat -Werror=format-security -Wmissing-declarations -Wundef -Winit-self -Wpointer-arith -Wshadow -Wsign-promo -Wno-narrowing -Wno-delete-non-virtual-dtor  -Wno-unnamed-type-template-args'
===== BUILD LOG =====
Change Dir: /home/multipurpose/Design2/OpenCV/build/CMakeFiles/CMakeTmp

Run Build Command:"/usr/bin/make" "cmTC_2bf99/fast"
/usr/bin/make -f CMakeFiles/cmTC_2bf99.dir/build.make CMakeFiles/cmTC_2bf99.dir/build
make[1]: Entering directory '/home/multipurpose/Design2/OpenCV/build/CMakeFiles/CMakeTmp'
Building CXX object CMakeFiles/cmTC_2bf99.dir/src.cxx.o
/usr/bin/c++     -O3 -DNDEBUG   -fsigned-char -W -Wall -Werror=return-type -Werror=non-virtual-dtor -Werror=address -Werror=sequence-point -Wformat -Werror=format-security -Wmissing-declarations -Wundef -Winit-self -Wpointer-arith -Wshadow -Wsign-promo -Wno-narrowing -Wno-delete-non-virtual-dtor -Wno-unnamed-type-template-args -o CMakeFiles/cmTC_2bf99.dir/src.cxx.o -c /home/multipurpose/Design2/OpenCV/build/CMakeFiles/CMakeTmp/src.cxx
/home/multipurpose/Design2/OpenCV/build/CMakeFiles/CMakeTmp/src.cxx:1:0: warning: ignoring #pragma   [-Wunknown-pragmas]
 #pragma
 
cc1plus: warning: unrecognized command line option ‘-Wno-unnamed-type-template-args’
Linking CXX executable cmTC_2bf99
/usr/bin/cmake -E cmake_link_script CMakeFiles/cmTC_2bf99.dir/link.txt --verbose=1
/usr/bin/c++     -O3 -DNDEBUG    CMakeFiles/cmTC_2bf99.dir/src.cxx.o  -o cmTC_2bf99 -rdynamic 
make[1]: Leaving directory '/home/multipurpose/Design2/OpenCV/build/CMakeFiles/CMakeTmp'

===== END =====

Build output check failed:
    Regex: 'unrecognized .*option'
    Output line: 'cc1: warning: unrecognized command line option ‘-Wno-unnamed-type-template-args’'
Compilation failed:
    source file: '/home/multipurpose/Design2/OpenCV/build/CMakeFiles/CMakeTmp/src.c'
    check option: ' -fsigned-char -W -Wall -Werror=return-type -Werror=non-virtual-dtor -Werror=address -Werror=sequence-point -Wformat -Werror=format-security -Wmissing-declarations -Wmissing-prototypes -Wstrict-prototypes -Wundef -Winit-self -Wpointer-arith -Wshadow -Wno-narrowing  -Wno-unnamed-type-template-args'
===== BUILD LOG =====
Change Dir: /home/multipurpose/Design2/OpenCV/build/CMakeFiles/CMakeTmp

Run Build Command:"/usr/bin/make" "cmTC_8a63f/fast"
/usr/bin/make -f CMakeFiles/cmTC_8a63f.dir/build.make CMakeFiles/cmTC_8a63f.dir/build
make[1]: Entering directory '/home/multipurpose/Design2/OpenCV/build/CMakeFiles/CMakeTmp'
Building C object CMakeFiles/cmTC_8a63f.dir/src.c.o
/usr/bin/cc    -O3 -DNDEBUG   -fsigned-char -W -Wall -Werror=return-type -Werror=non-virtual-dtor -Werror=address -Werror=sequence-point -Wformat -Werror=format-security -Wmissing-declarations -Wmissing-prototypes -Wstrict-prototypes -Wundef -Winit-self -Wpointer-arith -Wshadow -Wno-narrowing -Wno-unnamed-type-template-args -o CMakeFiles/cmTC_8a63f.dir/src.c.o   -c /home/multipurpose/Design2/OpenCV/build/CMakeFiles/CMakeTmp/src.c
/home/multipurpose/Design2/OpenCV/build/CMakeFiles/CMakeTmp/src.c:1:0: warning: ignoring #pragma   [-Wunknown-pragmas]
 #pragma
 
cc1: warning: unrecognized command line option ‘-Wno-unnamed-type-template-args’
Linking C executable cmTC_8a63f
/usr/bin/cmake -E cmake_link_script CMakeFiles/cmTC_8a63f.dir/link.txt --verbose=1
/usr/bin/cc    -O3 -DNDEBUG    CMakeFiles/cmTC_8a63f.dir/src.c.o  -o cmTC_8a63f -rdynamic 
make[1]: Leaving directory '/home/multipurpose/Design2/OpenCV/build/CMakeFiles/CMakeTmp'

===== END =====

Build output check failed:
    Regex: 'command line option .* is valid for .* but not for C'
    Output line: 'cc1: warning: command line option ‘-fvisibility-inlines-hidden’ is valid for C++/ObjC++ but not for C'
Compilation failed:
    source file: '/home/multipurpose/Design2/OpenCV/build/CMakeFiles/CMakeTmp/src.c'
    check option: ' -fsigned-char -W -Wall -Werror=return-type -Werror=non-virtual-dtor -Werror=address -Werror=sequence-point -Wformat -Werror=format-security -Wmissing-declarations -Wmissing-prototypes -Wstrict-prototypes -Wundef -Winit-self -Wpointer-arith -Wshadow -Wno-narrowing -Wno-comment -fdiagnostics-show-option -pthread -march=i686 -fomit-frame-pointer -msse -msse2 -mno-avx -msse3 -mno-ssse3 -mno-sse4.1 -mno-sse4.2 -mfpmath=sse -ffunction-sections -fvisibility=hidden  -fvisibility-inlines-hidden'
===== BUILD LOG =====
Change Dir: /home/multipurpose/Design2/OpenCV/build/CMakeFiles/CMakeTmp

Run Build Command:"/usr/bin/make" "cmTC_ebe12/fast"
/usr/bin/make -f CMakeFiles/cmTC_ebe12.dir/build.make CMakeFiles/cmTC_ebe12.dir/build
make[1]: Entering directory '/home/multipurpose/Design2/OpenCV/build/CMakeFiles/CMakeTmp'
Building C object CMakeFiles/cmTC_ebe12.dir/src.c.o
/usr/bin/cc    -O3 -DNDEBUG   -fsigned-char -W -Wall -Werror=return-type -Werror=non-virtual-dtor -Werror=address -Werror=sequence-point -Wformat -Werror=format-security -Wmissing-declarations -Wmissing-prototypes -Wstrict-prototypes -Wundef -Winit-self -Wpointer-arith -Wshadow -Wno-narrowing -Wno-comment -fdiagnostics-show-option -pthread -march=i686 -fomit-frame-pointer -msse -msse2 -mno-avx -msse3 -mno-ssse3 -mno-sse4.1 -mno-sse4.2 -mfpmath=sse -ffunction-sections -fvisibility=hidden -fvisibility-inlines-hidden -o CMakeFiles/cmTC_ebe12.dir/src.c.o   -c /home/multipurpose/Design2/OpenCV/build/CMakeFiles/CMakeTmp/src.c
cc1: warning: command line option ‘-fvisibility-inlines-hidden’ is valid for C++/ObjC++ but not for C
/home/multipurpose/Design2/OpenCV/build/CMakeFiles/CMakeTmp/src.c:1:0: warning: ignoring #pragma   [-Wunknown-pragmas]
 #pragma
 
Linking C executable cmTC_ebe12
/usr/bin/cmake -E cmake_link_script CMakeFiles/cmTC_ebe12.dir/link.txt --verbose=1
/usr/bin/cc    -O3 -DNDEBUG    CMakeFiles/cmTC_ebe12.dir/src.c.o  -o cmTC_ebe12 -rdynamic 
make[1]: Leaving directory '/home/multipurpose/Design2/OpenCV/build/CMakeFiles/CMakeTmp'

===== END =====

Determining if the include file linux/videodev.h exists failed with the following output:
Change Dir: /home/multipurpose/Design2/OpenCV/build/CMakeFiles/CMakeTmp

Run Build Command:"/usr/bin/make" "cmTC_2e0ee/fast"
/usr/bin/make -f CMakeFiles/cmTC_2e0ee.dir/build.make CMakeFiles/cmTC_2e0ee.dir/build
make[1]: Entering directory '/home/multipurpose/Design2/OpenCV/build/CMakeFiles/CMakeTmp'
Building C object CMakeFiles/cmTC_2e0ee.dir/CheckIncludeFile.c.o
/usr/bin/cc    -fsigned-char -W -Wall -Werror=return-type -Werror=non-virtual-dtor -Werror=address -Werror=sequence-point -Wformat -Werror=format-security -Wmissing-declarations -Wmissing-prototypes -Wstrict-prototypes -Wundef -Winit-self -Wpointer-arith -Wshadow -Wno-narrowing -Wno-comment -fdiagnostics-show-option -pthread -march=i686 -fomit-frame-pointer -msse -msse2 -mno-avx -msse3 -mno-ssse3 -mno-sse4.1 -mno-sse4.2 -mfpmath=sse -ffunction-sections -fvisibility=hidden  -O3 -DNDEBUG   -o CMakeFiles/cmTC_2e0ee.dir/CheckIncludeFile.c.o   -c /home/multipurpose/Design2/OpenCV/build/CMakeFiles/CMakeTmp/CheckIncludeFile.c
/home/multipurpose/Design2/OpenCV/build/CMakeFiles/CMakeTmp/CheckIncludeFile.c:1:28: fatal error: linux/videodev.h: No such file or directory
 #include <linux/videodev.h>
                            ^
compilation terminated.
CMakeFiles/cmTC_2e0ee.dir/build.make:65: recipe for target 'CMakeFiles/cmTC_2e0ee.dir/CheckIncludeFile.c.o' failed
make[1]: *** [CMakeFiles/cmTC_2e0ee.dir/CheckIncludeFile.c.o] Error 1
make[1]: Leaving directory '/home/multipurpose/Design2/OpenCV/build/CMakeFiles/CMakeTmp'
Makefile:126: recipe for target 'cmTC_2e0ee/fast' failed
make: *** [cmTC_2e0ee/fast] Error 2


Determining if the include file sys/videoio.h exists failed with the following output:
Change Dir: /home/multipurpose/Design2/OpenCV/build/CMakeFiles/CMakeTmp

Run Build Command:"/usr/bin/make" "cmTC_2845e/fast"
/usr/bin/make -f CMakeFiles/cmTC_2845e.dir/build.make CMakeFiles/cmTC_2845e.dir/build
make[1]: Entering directory '/home/multipurpose/Design2/OpenCV/build/CMakeFiles/CMakeTmp'
Building C object CMakeFiles/cmTC_2845e.dir/CheckIncludeFile.c.o
/usr/bin/cc    -fsigned-char -W -Wall -Werror=return-type -Werror=non-virtual-dtor -Werror=address -Werror=sequence-point -Wformat -Werror=format-security -Wmissing-declarations -Wmissing-prototypes -Wstrict-prototypes -Wundef -Winit-self -Wpointer-arith -Wshadow -Wno-narrowing -Wno-comment -fdiagnostics-show-option -pthread -march=i686 -fomit-frame-pointer -msse -msse2 -mno-avx -msse3 -mno-ssse3 -mno-sse4.1 -mno-sse4.2 -mfpmath=sse -ffunction-sections -fvisibility=hidden  -O3 -DNDEBUG   -o CMakeFiles/cmTC_2845e.dir/CheckIncludeFile.c.o   -c /home/multipurpose/Design2/OpenCV/build/CMakeFiles/CMakeTmp/CheckIncludeFile.c
/home/multipurpose/Design2/OpenCV/build/CMakeFiles/CMakeTmp/CheckIncludeFile.c:1:25: fatal error: sys/videoio.h: No such file or directory
 #include <sys/videoio.h>
                         ^
compilation terminated.
CMakeFiles/cmTC_2845e.dir/build.make:65: recipe for target 'CMakeFiles/cmTC_2845e.dir/CheckIncludeFile.c.o' failed
make[1]: *** [CMakeFiles/cmTC_2845e.dir/CheckIncludeFile.c.o] Error 1
make[1]: Leaving directory '/home/multipurpose/Design2/OpenCV/build/CMakeFiles/CMakeTmp'
Makefile:126: recipe for target 'cmTC_2845e/fast' failed
make: *** [cmTC_2845e/fast] Error 2


Build output check failed:
    Regex: 'unrecognized .*option'
    Output line: 'cc1plus: warning: unrecognized command line option ‘-Wno-unused-private-field’'
Compilation failed:
    source file: '/home/multipurpose/Design2/OpenCV/build/CMakeFiles/CMakeTmp/src.cxx'
    check option: ' -Wno-unused-private-field'
===== BUILD LOG =====
Change Dir: /home/multipurpose/Design2/OpenCV/build/CMakeFiles/CMakeTmp

Run Build Command:"/usr/bin/make" "cmTC_9ce1c/fast"
/usr/bin/make -f CMakeFiles/cmTC_9ce1c.dir/build.make CMakeFiles/cmTC_9ce1c.dir/build
make[1]: Entering directory '/home/multipurpose/Design2/OpenCV/build/CMakeFiles/CMakeTmp'
Building CXX object CMakeFiles/cmTC_9ce1c.dir/src.cxx.o
/usr/bin/c++     -fsigned-char -W -Wall -Werror=return-type -Werror=non-virtual-dtor -Werror=address -Werror=sequence-point -Wformat -Werror=format-security -Wmissing-declarations -Wundef -Winit-self -Wpointer-arith -Wshadow -Wsign-promo -Wno-narrowing -Wno-delete-non-virtual-dtor -Wno-comment -fdiagnostics-show-option -pthread -march=i686 -fomit-frame-pointer -msse -msse2 -mno-avx -msse3 -mno-ssse3 -mno-sse4.1 -mno-sse4.2 -mfpmath=sse -ffunction-sections -fvisibility=hidden -fvisibility-inlines-hidden -Wno-unused-function -Wno-overloaded-virtual  -O3 -DNDEBUG   -Wno-unused-private-field -o CMakeFiles/cmTC_9ce1c.dir/src.cxx.o -c /home/multipurpose/Design2/OpenCV/build/CMakeFiles/CMakeTmp/src.cxx
/home/multipurpose/Design2/OpenCV/build/CMakeFiles/CMakeTmp/src.cxx:1:0: warning: ignoring #pragma   [-Wunknown-pragmas]
 #pragma
 
cc1plus: warning: unrecognized command line option ‘-Wno-unused-private-field’
Linking CXX executable cmTC_9ce1c
/usr/bin/cmake -E cmake_link_script CMakeFiles/cmTC_9ce1c.dir/link.txt --verbose=1
/usr/bin/c++      -fsigned-char -W -Wall -Werror=return-type -Werror=non-virtual-dtor -Werror=address -Werror=sequence-point -Wformat -Werror=format-security -Wmissing-declarations -Wundef -Winit-self -Wpointer-arith -Wshadow -Wsign-promo -Wno-narrowing -Wno-delete-non-virtual-dtor -Wno-comment -fdiagnostics-show-option -pthread -march=i686 -fomit-frame-pointer -msse -msse2 -mno-avx -msse3 -mno-ssse3 -mno-sse4.1 -mno-sse4.2 -mfpmath=sse -ffunction-sections -fvisibility=hidden -fvisibility-inlines-hidden -Wno-unused-function -Wno-overloaded-virtual  -O3 -DNDEBUG    CMakeFiles/cmTC_9ce1c.dir/src.cxx.o  -o cmTC_9ce1c -rdynamic 
make[1]: Leaving directory '/home/multipurpose/Design2/OpenCV/build/CMakeFiles/CMakeTmp'

===== END =====

